2026-04-16 17:45:07 | DEBUG    | Site loaded: [SKKU] https://www.skku.edu/skku/campus/support/welfare_11.do?mode=info&srCategory=L&conspaceCd=10201030&srResId=1&srShowTime=W
2026-04-16 17:45:07 | DEBUG    | Site loaded: [SKKU] https://www.skku.edu/skku/campus/support/welfare_11.do?mode=info&srCategory=D&conspaceCd=10201030&srResId=1&srShowTime=W
2026-04-16 17:45:07 | DEBUG    | Site loaded: [SKKU] https://www.skku.edu/skku/campus/support/welfare_11.do?mode=info&srCategory=B&conspaceCd=10201030&srResId=1&srShowTime=W
2026-04-16 17:45:07 | DEBUG    | Site loaded: [Korea University] https://www.korea.ac.kr/ko/504/subview.do
2026-04-16 17:45:07 | DEBUG    | Site loaded: [Korea University] https://www.korea.ac.kr/ko/505/subview.do
2026-04-16 17:45:07 | DEBUG    | Site loaded: [SNU] https://snudorm.snu.ac.kr/foodmenu/
2026-04-16 17:45:07 | DEBUG    | Site loaded: [SNU] https://snuco.snu.ac.kr/foodmenu/
2026-04-16 17:45:25 | INFO     | === Scrape started: 2026-04-16 17:45:25 ===
2026-04-16 17:45:25 | INFO     | Output: results\menus-2026-04-16.jsonl
2026-04-16 17:45:25 | DEBUG    | Site loaded: [SKKU] https://www.skku.edu/skku/campus/support/welfare_11.do?mode=info&srCategory=L&conspaceCd=10201030&srResId=1&srShowTime=W
2026-04-16 17:45:25 | DEBUG    | Site loaded: [SKKU] https://www.skku.edu/skku/campus/support/welfare_11.do?mode=info&srCategory=D&conspaceCd=10201030&srResId=1&srShowTime=W
2026-04-16 17:45:25 | DEBUG    | Site loaded: [SKKU] https://www.skku.edu/skku/campus/support/welfare_11.do?mode=info&srCategory=B&conspaceCd=10201030&srResId=1&srShowTime=W
2026-04-16 17:45:25 | DEBUG    | Site loaded: [Korea University] https://www.korea.ac.kr/ko/504/subview.do
2026-04-16 17:45:25 | DEBUG    | Site loaded: [Korea University] https://www.korea.ac.kr/ko/505/subview.do
2026-04-16 17:45:25 | DEBUG    | Site loaded: [SNU] https://snudorm.snu.ac.kr/foodmenu/
2026-04-16 17:45:25 | DEBUG    | Site loaded: [SNU] https://snuco.snu.ac.kr/foodmenu/
2026-04-16 17:45:25 | INFO     | Loaded 7 sites from Excel
2026-04-16 17:45:25 | INFO     | [1/7] SKKU | https://www.skku.edu/skku/campus/support/welfare_11.do?mode=info&srCategory=L&conspaceCd=10201030&srResId=1&srShowTime=W
2026-04-16 17:45:25 | DEBUG    |   Page text length: 4835 chars
2026-04-16 17:45:46 | INFO     |   Model returned 12 raw item(s)
2026-04-16 17:45:46 | INFO     |   + [lunch] 어묵국  2026-04-16  ₩9000  (패컬티식당)
2026-04-16 17:45:46 | INFO     |   + [lunch] 사천식돼지불고기  2026-04-16  ₩9000  (패컬티식당)
2026-04-16 17:45:46 | INFO     |   + [lunch] 고구마맛탕  2026-04-16  ₩9000  (패컬티식당)
2026-04-16 17:45:46 | INFO     |   + [lunch] 연두부찜&양념장  2026-04-16  ₩9000  (패컬티식당)
2026-04-16 17:45:46 | INFO     |   + [lunch] 시래기된장지짐  2026-04-16  ₩9000  (패컬티식당)
2026-04-16 17:45:46 | INFO     |   + [lunch] 청포묵김가루무침  2026-04-16  ₩9000  (패컬티식당)
2026-04-16 17:45:46 | INFO     |   + [lunch] 치커리겉절이  2026-04-16  ₩9000  (패컬티식당)
2026-04-16 17:45:46 | INFO     |   + [lunch] 봄동겉절이  2026-04-16  ₩9000  (패컬티식당)
2026-04-16 17:45:46 | INFO     |   + [lunch] 흑미밥/현미밥  2026-04-16  ₩9000  (패컬티식당)
2026-04-16 17:45:46 | INFO     |   + [lunch] 김치2종  2026-04-16  ₩9000  (패컬티식당)
2026-04-16 17:45:46 | INFO     |   + [lunch] 그린샐러드  2026-04-16  ₩9000  (패컬티식당)
2026-04-16 17:45:46 | INFO     |   + [lunch] 식빵/구이김/컵라면  2026-04-16  ₩9000  (패컬티식당)
2026-04-16 17:45:46 | INFO     |   Saved 12 item(s) from this site
2026-04-16 17:45:46 | INFO     | [2/7] SKKU | https://www.skku.edu/skku/campus/support/welfare_11.do?mode=info&srCategory=D&conspaceCd=10201030&srResId=1&srShowTime=W
2026-04-16 17:45:46 | DEBUG    |   Page text length: 4306 chars
2026-04-16 17:45:52 | INFO     |   Model returned 0 raw item(s)
2026-04-16 17:45:52 | INFO     |   Saved 0 item(s) from this site
2026-04-16 17:45:52 | INFO     | [3/7] SKKU | https://www.skku.edu/skku/campus/support/welfare_11.do?mode=info&srCategory=B&conspaceCd=10201030&srResId=1&srShowTime=W
2026-04-16 17:45:52 | DEBUG    |   Page text length: 4306 chars
2026-04-16 17:45:56 | INFO     |   Model returned 0 raw item(s)
2026-04-16 17:45:56 | INFO     |   Saved 0 item(s) from this site
2026-04-16 17:45:56 | INFO     | [4/7] Korea University | https://www.korea.ac.kr/ko/504/subview.do
2026-04-16 17:45:56 | DEBUG    |   Page text length: 4440 chars
2026-04-16 17:46:51 | INFO     |   Model returned 26 raw item(s)
2026-04-16 17:46:51 | INFO     |   + [breakfast] 제육컵밥  2026-04-16  ₩1000  (자연계 학생식당)
2026-04-16 17:46:51 | INFO     |   + [breakfast] 소고기고추장볶음삼각김밥  2026-04-16  ₩1000  (자연계 학생식당)
2026-04-16 17:46:51 | INFO     |   + [lunch] 김호윤셰프의 봉골레파스타  2026-04-16  ₩6000  (자연계 학생식당)
2026-04-16 17:46:51 | INFO     |   + [lunch] 치킨텐더  2026-04-16  ₩6000  (자연계 학생식당)
2026-04-16 17:46:51 | INFO     |   + [lunch] 칠리소스  2026-04-16  ₩6000  (자연계 학생식당)
2026-04-16 17:46:51 | INFO     |   + [lunch] 오렌지주스팩  2026-04-16  ₩6000  (자연계 학생식당)
2026-04-16 17:46:51 | INFO     |   + [lunch] 오이피클  2026-04-16  ₩6000  (자연계 학생식당)
2026-04-16 17:46:51 | INFO     |   + [lunch] 배추김치  2026-04-16  ₩6000  (자연계 학생식당)
2026-04-16 17:46:51 | INFO     |   + [lunch] 양배추샐러드  2026-04-16  ₩6000  (자연계 학생식당)
2026-04-16 17:46:51 | INFO     |   + [lunch] 크림새우  2026-04-16  ₩6000  (자연계 학생식당)
2026-04-16 17:46:51 | INFO     |   + [lunch] 비지찌개  2026-04-16  ₩7000  (교직원식당)
2026-04-16 17:46:51 | INFO     |   + [lunch] 피자오믈렛  2026-04-16  ₩7000  (교직원식당)
2026-04-16 17:46:51 | INFO     |   + [lunch] 오이도라지무침  2026-04-16  ₩7000  (교직원식당)
2026-04-16 17:46:51 | INFO     |   + [lunch] 흑미밥  2026-04-16  ₩7000  (교직원식당)
2026-04-16 17:46:51 | INFO     |   + [lunch] 배추김치  2026-04-16  ₩7000  (교직원식당)
2026-04-16 17:46:51 | INFO     |   + [lunch] 양배추샐러드  2026-04-16  ₩7000  (교직원식당)
2026-04-16 17:46:51 | INFO     |   + [lunch] 채소죽  2026-04-16  ₩7000  (교직원식당)
2026-04-16 17:46:51 | INFO     |   + [lunch] 석류차  2026-04-16  ₩7000  (교직원식당)
2026-04-16 17:46:51 | INFO     |   + [lunch] 크림새우  2026-04-16  ₩7000  (교직원식당)
2026-04-16 17:46:51 | INFO     |   + [dinner] 주희의닭갈비날치알볶음밥  2026-04-16  ₩7000  (교직원식당)
2026-04-16 17:46:51 | INFO     |   + [dinner] 새우볼꼬치  2026-04-16  ₩7000  (교직원식당)
2026-04-16 17:46:51 | INFO     |   + [dinner] 유부장국  2026-04-16  ₩7000  (교직원식당)
2026-04-16 17:46:51 | INFO     |   + [dinner] 마카로니콘샐러드  2026-04-16  ₩7000  (교직원식당)
2026-04-16 17:46:51 | INFO     |   + [dinner] 치커리유자청무침  2026-04-16  ₩7000  (교직원식당)
2026-04-16 17:46:51 | INFO     |   + [dinner] 배추김치  2026-04-16  ₩7000  (교직원식당)
2026-04-16 17:46:51 | INFO     |   + [dinner] 양배추샐러드  2026-04-16  ₩7000  (교직원식당)
2026-04-16 17:46:51 | INFO     |   Saved 26 item(s) from this site
2026-04-16 17:46:51 | INFO     | [5/7] Korea University | https://www.korea.ac.kr/ko/505/subview.do
2026-04-16 17:46:51 | DEBUG    |   Page text length: 3939 chars
2026-04-16 17:49:14 | INFO     |   Model returned 71 raw item(s)
2026-04-16 17:49:14 | INFO     |   + [breakfast] 스팸마요 컵밥  2026-04-13  ₩1000  (안암학사 기숙사 식당)
2026-04-16 17:49:14 | INFO     |   + [breakfast] 삼각김밥 세트  2026-04-13  ₩1000  (안암학사 기숙사 식당)
2026-04-16 17:49:14 | INFO     |   + [lunch] 참치김치찌개  2026-04-13  ₩6000  (안암학사 기숙사 식당)
2026-04-16 17:49:14 | INFO     |   + [lunch] 쌀밥  2026-04-13  ₩6000  (안암학사 기숙사 식당)
2026-04-16 17:49:14 | INFO     |   + [lunch] 멘치까스  2026-04-13  ₩6000  (안암학사 기숙사 식당)
2026-04-16 17:49:14 | INFO     |   + [lunch] 김구이  2026-04-13  ₩6000  (안암학사 기숙사 식당)
2026-04-16 17:49:14 | INFO     |   + [lunch] 깍두기  2026-04-13  ₩6000  (안암학사 기숙사 식당)
2026-04-16 17:49:14 | INFO     |   + [lunch] 블루베리샐러드*딸기드레싱  2026-04-13  ₩6000  (안암학사 기숙사 식당)
2026-04-16 17:49:14 | INFO     |   + [lunch] 매실차  2026-04-13  ₩6000  (안암학사 기숙사 식당)
2026-04-16 17:49:14 | INFO     |   + [dinner] 일식 치킨카레  2026-04-13  ₩6000  (안암학사 기숙사 식당)
2026-04-16 17:49:14 | INFO     |   + [dinner] 우동국  2026-04-13  ₩6000  (안암학사 기숙사 식당)
2026-04-16 17:49:14 | INFO     |   + [dinner] 고로케&감자튀김  2026-04-13  ₩6000  (안암학사 기숙사 식당)
2026-04-16 17:49:14 | INFO     |   + [dinner] 맛김치  2026-04-13  ₩6000  (안암학사 기숙사 식당)
2026-04-16 17:49:14 | INFO     |   + [dinner] 그린샐러드*딸기드레싱  2026-04-13  ₩6000  (안암학사 기숙사 식당)
2026-04-16 17:49:14 | INFO     |   + [breakfast] 돈육비빔 컵밥  2026-04-14  ₩1000  (안암학사 기숙사 식당)
2026-04-16 17:49:14 | INFO     |   + [breakfast] 삼각김밥 세트  2026-04-14  ₩1000  (안암학사 기숙사 식당)
2026-04-16 17:49:14 | INFO     |   + [lunch] 우삼겹새싹비빔밥  2026-04-14  ₩6000  (안암학사 기숙사 식당)
2026-04-16 17:49:14 | INFO     |   + [lunch] 미역국  2026-04-14  ₩6000  (안암학사 기숙사 식당)
2026-04-16 17:49:14 | INFO     |   + [lunch] 메추리알어묵조림  2026-04-14  ₩6000  (안암학사 기숙사 식당)
2026-04-16 17:49:14 | INFO     |   + [lunch] 맛김치  2026-04-14  ₩6000  (안암학사 기숙사 식당)
2026-04-16 17:49:14 | INFO     |   + [lunch] 그린샐러드*오리엔탈드레싱  2026-04-14  ₩6000  (안암학사 기숙사 식당)
2026-04-16 17:49:14 | INFO     |   + [lunch] 아이스티  2026-04-14  ₩6000  (안암학사 기숙사 식당)
2026-04-16 17:49:14 | INFO     |   + [dinner] 스팸감자짜글이  2026-04-14  ₩6000  (안암학사 기숙사 식당)
2026-04-16 17:49:14 | INFO     |   + [dinner] 쌀밥  2026-04-14  ₩6000  (안암학사 기숙사 식당)
2026-04-16 17:49:14 | INFO     |   + [dinner] 새우동그랑땡  2026-04-14  ₩6000  (안암학사 기숙사 식당)
2026-04-16 17:49:14 | INFO     |   + [dinner] 도토리묵무침  2026-04-14  ₩6000  (안암학사 기숙사 식당)
2026-04-16 17:49:14 | INFO     |   + [dinner] 깍두기  2026-04-14  ₩6000  (안암학사 기숙사 식당)
2026-04-16 17:49:14 | INFO     |   + [dinner] 그린샐러드*오리엔탈드레싱  2026-04-14  ₩6000  (안암학사 기숙사 식당)
2026-04-16 17:49:14 | INFO     |   + [breakfast] 치킨강정 컵밥  2026-04-15  ₩1000  (안암학사 기숙사 식당)
2026-04-16 17:49:14 | INFO     |   + [breakfast] 삼각김밥 세트  2026-04-15  ₩1000  (안암학사 기숙사 식당)
2026-04-16 17:49:14 | INFO     |   + [lunch] 치즈돈가스&새우튀김  2026-04-15  ₩8000  (안암학사 기숙사 식당)
2026-04-16 17:49:14 | INFO     |   + [lunch] 쌀밥  2026-04-15  ₩8000  (안암학사 기숙사 식당)
2026-04-16 17:49:14 | INFO     |   + [lunch] 우동국  2026-04-15  ₩8000  (안암학사 기숙사 식당)
2026-04-16 17:49:14 | INFO     |   + [lunch] 알리오올리오스파게티  2026-04-15  ₩8000  (안암학사 기숙사 식당)
2026-04-16 17:49:14 | INFO     |   + [lunch] 피클, 맛김치  2026-04-15  ₩8000  (안암학사 기숙사 식당)
2026-04-16 17:49:14 | INFO     |   + [lunch] 파인애플샐러드*오렌지드레싱  2026-04-15  ₩8000  (안암학사 기숙사 식당)
2026-04-16 17:49:14 | INFO     |   + [lunch] 오미자차  2026-04-15  ₩8000  (안암학사 기숙사 식당)
2026-04-16 17:49:14 | INFO     |   + [dinner] 소고기콩나물밥  2026-04-15  ₩6000  (안암학사 기숙사 식당)
2026-04-16 17:49:14 | INFO     |   + [dinner] 건새우 얼갈이된장국  2026-04-15  ₩6000  (안암학사 기숙사 식당)
2026-04-16 17:49:14 | INFO     |   + [dinner] 떡갈비조림  2026-04-15  ₩6000  (안암학사 기숙사 식당)
2026-04-16 17:49:14 | INFO     |   + [dinner] 김구이  2026-04-15  ₩6000  (안암학사 기숙사 식당)
2026-04-16 17:49:14 | INFO     |   + [dinner] 맛김치  2026-04-15  ₩6000  (안암학사 기숙사 식당)
2026-04-16 17:49:14 | INFO     |   + [dinner] 그린샐러드*오렌지드레싱  2026-04-15  ₩6000  (안암학사 기숙사 식당)
2026-04-16 17:49:14 | INFO     |   + [breakfast] 고추참치 컵밥  2026-04-16  ₩1000  (안암학사 기숙사 식당)
2026-04-16 17:49:14 | INFO     |   + [breakfast] 삼각김밥 세트  2026-04-16  ₩1000  (안암학사 기숙사 식당)
2026-04-16 17:49:14 | INFO     |   + [lunch] 뚝배기 불고기  2026-04-16  ₩6000  (안암학사 기숙사 식당)
2026-04-16 17:49:14 | INFO     |   + [lunch] 쌀밥  2026-04-16  ₩6000  (안암학사 기숙사 식당)
2026-04-16 17:49:14 | INFO     |   + [lunch] 계란찜  2026-04-16  ₩6000  (안암학사 기숙사 식당)
2026-04-16 17:49:14 | INFO     |   + [lunch] 브로컬리맛살볶음  2026-04-16  ₩6000  (안암학사 기숙사 식당)
2026-04-16 17:49:14 | INFO     |   + [lunch] 맛김치  2026-04-16  ₩6000  (안암학사 기숙사 식당)
2026-04-16 17:49:14 | INFO     |   + [lunch] 그린샐러드*오리엔탈드레싱  2026-04-16  ₩6000  (안암학사 기숙사 식당)
2026-04-16 17:49:14 | INFO     |   + [lunch] 아이스티  2026-04-16  ₩6000  (안암학사 기숙사 식당)
2026-04-16 17:49:14 | INFO     |   + [dinner] 베이컨마늘 볶음밥  2026-04-16  ₩6000  (안암학사 기숙사 식당)
2026-04-16 17:49:14 | INFO     |   + [dinner] 미역장국  2026-04-16  ₩6000  (안암학사 기숙사 식당)
2026-04-16 17:49:14 | INFO     |   + [dinner] 치킨텐더샐러드  2026-04-16  ₩6000  (안암학사 기숙사 식당)
2026-04-16 17:49:14 | INFO     |   + [dinner] 단무지  2026-04-16  ₩6000  (안암학사 기숙사 식당)
2026-04-16 17:49:14 | INFO     |   + [dinner] 펜네토마토파스타  2026-04-16  ₩6000  (안암학사 기숙사 식당)
2026-04-16 17:49:14 | INFO     |   + [breakfast] 칠리새우 컵밥  2026-04-17  ₩1000  (안암학사 기숙사 식당)
2026-04-16 17:49:14 | INFO     |   + [breakfast] 삼각김밥 세트  2026-04-17  ₩1000  (안암학사 기숙사 식당)
2026-04-16 17:49:14 | INFO     |   + [lunch] 계란볶음밥&자장소스  2026-04-17  ₩6000  (안암학사 기숙사 식당)
2026-04-16 17:49:14 | INFO     |   + [lunch] 짬뽕국  2026-04-17  ₩6000  (안암학사 기숙사 식당)
2026-04-16 17:49:14 | INFO     |   + [lunch] 꿔바로우  2026-04-17  ₩6000  (안암학사 기숙사 식당)
2026-04-16 17:49:14 | INFO     |   + [lunch] 단무지  2026-04-17  ₩6000  (안암학사 기숙사 식당)
2026-04-16 17:49:14 | INFO     |   + [lunch] 맛김치  2026-04-17  ₩6000  (안암학사 기숙사 식당)
2026-04-16 17:49:14 | INFO     |   + [lunch] 블루베리샐러드*오렌지드레싱  2026-04-17  ₩6000  (안암학사 기숙사 식당)
2026-04-16 17:49:14 | INFO     |   + [lunch] 오미자차  2026-04-17  ₩6000  (안암학사 기숙사 식당)
2026-04-16 17:49:14 | INFO     |   + [dinner] 사골 온메밀국수  2026-04-17  ₩6000  (안암학사 기숙사 식당)
2026-04-16 17:49:14 | INFO     |   + [dinner] 쌀밥  2026-04-17  ₩6000  (안암학사 기숙사 식당)
2026-04-16 17:49:14 | INFO     |   + [dinner] 모둠만두찜  2026-04-17  ₩6000  (안암학사 기숙사 식당)
2026-04-16 17:49:14 | INFO     |   + [dinner] 맛김치  2026-04-17  ₩6000  (안암학사 기숙사 식당)
2026-04-16 17:49:14 | INFO     |   + [dinner] 그린샐러드*오렌지드레싱  2026-04-17  ₩6000  (안암학사 기숙사 식당)
2026-04-16 17:49:14 | INFO     |   Saved 71 item(s) from this site
2026-04-16 17:49:14 | INFO     | [6/7] SNU | https://snudorm.snu.ac.kr/foodmenu/
2026-04-16 17:49:15 | DEBUG    |   Page text length: 1767 chars
2026-04-16 17:49:54 | INFO     |   Model returned 10 raw item(s)
2026-04-16 17:49:54 | INFO     |   + [breakfast] 세미양식부페  2026-04-16  ₩5000  (아워홈(901동))
2026-04-16 17:49:54 | INFO     |   + [lunch] 통마늘부추제육볶음&양념깻잎지  2026-04-16  ₩6000  (아워홈(901동))
2026-04-16 17:49:54 | INFO     |   + [lunch] 토리시오라멘&타코야끼  2026-04-16  ₩6000  (아워홈(901동))
2026-04-16 17:49:54 | INFO     |   + [lunch] (잇템)갈비만두찜  2026-04-16  ₩2000  (아워홈(901동))
2026-04-16 17:49:54 | INFO     |   + [dinner] 햄섞어찌개&계란말이  2026-04-16  ₩6000  (아워홈(901동))
2026-04-16 17:49:54 | INFO     |   + [dinner] 칠리치즈불고기도리아&야채크로켓*케찹  2026-04-16  ₩6000  (아워홈(901동))
2026-04-16 17:49:54 | INFO     |   + [dinner] (잇템)츄러스*초코소스  2026-04-16  ₩2000  (아워홈(901동))
2026-04-16 17:49:54 | INFO     |   + [lunch] 닭목살양념구이&들기름막국수  2026-04-16  ₩6500  (생협기숙사(919동))
2026-04-16 17:49:54 | INFO     |   + [lunch] 제육김치두루치기&온두부  2026-04-16  ₩5500  (생협기숙사(919동))
2026-04-16 17:49:54 | INFO     |   + [dinner] 닭목살양념구이&들기름막국수  2026-04-16  ₩6500  (생협기숙사(919동))
2026-04-16 17:49:54 | INFO     |   Saved 10 item(s) from this site
2026-04-16 17:49:54 | INFO     | [7/7] SNU | https://snuco.snu.ac.kr/foodmenu/
2026-04-16 17:49:55 | DEBUG    |   Page text length: 12000 chars
2026-04-16 17:51:27 | INFO     |   Model returned 21 raw item(s)
2026-04-16 17:51:27 | INFO     |   + [breakfast] 무장국  2026-04-16  ₩3000  (학생회관식당)
2026-04-16 17:51:27 | INFO     |   + [lunch] 미트소스스파게티  2026-04-16  ₩6000  (학생회관식당)
2026-04-16 17:51:27 | INFO     |   + [lunch] 뿌리채소영양밥&부추양념장(#)  2026-04-16  ₩3000  (학생회관식당)
2026-04-16 17:51:27 | INFO     |   + [lunch] 만두육개장  2026-04-16  ₩5500  (학생회관식당)
2026-04-16 17:51:27 | INFO     |   + [dinner] 순살데리치킨  2026-04-16  ₩6000  (학생회관식당)
2026-04-16 17:51:27 | INFO     |   + [dinner] 참치김치찌개(#)  2026-04-16  ₩3000  (학생회관식당)
2026-04-16 17:51:27 | INFO     |   + [lunch] 우렁된장비빔밥  2026-04-16  ₩12000  (자하연식당 3층)
2026-04-16 17:51:27 | INFO     |   + [lunch] 한우사골떡만두국  2026-04-16  ₩13000  (자하연식당 3층)
2026-04-16 17:51:27 | INFO     |   + [lunch] 제육볶음  2026-04-16  ₩?  (자하연식당 3층)
2026-04-16 17:51:27 | INFO     |   + [lunch] 콩나물무침  2026-04-16  ₩?  (자하연식당 3층)
2026-04-16 17:51:27 | INFO     |   + [lunch] 묵사발  2026-04-16  ₩?  (자하연식당 3층)
2026-04-16 17:51:27 | INFO     |   + [lunch] 파계란국  2026-04-16  ₩?  (자하연식당 3층)
2026-04-16 17:51:27 | INFO     |   + [lunch] 목살김치찌개  2026-04-16  ₩5500  (자하연식당 2층)
2026-04-16 17:51:27 | INFO     |   + [lunch] 크리미어니언치킨  2026-04-16  ₩6000  (자하연식당 2층)
2026-04-16 17:51:27 | INFO     |   + [dinner] 쇠고기마파두부덮밥&연유솔솔꽃빵튀김  2026-04-16  ₩6000  (자하연식당 2층)
2026-04-16 17:51:27 | INFO     |   + [lunch] 뚝배기) 목살김치찌개, 잡채, 치킨너겟  2026-04-16  ₩6500  (예술계식당 (876-1006))
2026-04-16 17:51:27 | INFO     |   + [lunch] 오므라이스  2026-04-16  ₩6000  (예술계식당 (876-1006))
2026-04-16 17:51:27 | INFO     |   + [lunch] 함박스테이크*소스  2026-04-16  ₩6000  (예술계식당 (876-1006))
2026-04-16 17:51:27 | INFO     |   + [lunch] 케이준감자튀김  2026-04-16  ₩6000  (예술계식당 (876-1006))
2026-04-16 17:51:27 | INFO     |   + [lunch] 참치김치덮밥, 고구마치즈볼, 고기왕만두찜  2026-04-16  ₩6000  (예술계식당 (876-1006))
2026-04-16 17:51:27 | INFO     |   + [lunch] 직화코너 50인분 한정> 볶음짬뽕, 팝만두, 단무지, 김치  2026-04-16  ₩6500  (예술계식당 (876-1006))
2026-04-16 17:51:27 | INFO     |   Saved 21 item(s) from this site
2026-04-16 17:51:27 | INFO     | === Done. 140 total item(s) saved to results\menus-2026-04-16.jsonl ===
